build/app/outputs/mapping/release/seeds.txt
com.example.slicing_course.MainActivity
com.example.slicing_course.MainActivity: MainActivity()
...
io.flutter.embedding.engine.FlutterJNI: void setLocalizationPlugin(io.flutter.plugin.localization.LocalizationPlugin)
io.flutter.embedding.engine.FlutterJNI: void nativeSetViewportMetrics(long,float,int,int,int,int,int,int,int,int,int,int,int,int,int,int,int)
androidx.versionedparcelable.ParcelImpl: android.os.Parcelable$Creator CREATOR
io.flutter.embedding.android.FlutterSplashView$SavedState: java.lang.String access$600(io.flutter.embedding.android.FlutterSplashView$SavedState)
com.google.common.util.concurrent.AbstractFuture: java.lang.Object value
io.flutter.embedding.engine.FlutterJNI: io.flutter.embedding.engine.dart.PlatformMessageHandler platformMessageHandler
io.flutter.embedding.engine.FlutterOverlaySurface: int getId()
androidx.lifecycle.Lifecycle$Event: androidx.lifecycle.Lifecycle$Event[] $VALUES
io.flutter.plugin.editing.TextInputPlugin$InputTarget$Type: io.flutter.plugin.editing.TextInputPlugin$InputTarget$Type valueOf(java.lang.String)
io.flutter.embedding.engine.mutatorsstack.FlutterMutatorsStack: java.util.List mutators
io.flutter.embedding.engine.FlutterJNI: void invokePlatformMessageResponseCallback(int,java.nio.ByteBuffer,int)
io.flutter.embedding.android.FlutterImageView
io.flutter.embedding.engine.renderer.SurfaceTextureWrapper: void detachFromGLContext()
io.flutter.embedding.engine.FlutterJNI: void nativeInvokePlatformMessageEmptyResponseCallback(long,int)
io.flutter.embedding.engine.FlutterJNI: void detachFromNativeAndReleaseResources()
io.flutter.embedding.android.FlutterSplashView$SavedState: FlutterSplashView$SavedState(android.os.Parcel)
io.flutter.embedding.engine.FlutterJNI: void nativeUpdateJavaAssetManager(long,android.content.res.AssetManager,java.lang.String)
androidx.core.graphics.drawable.IconCompatParcelizer: void write(androidx.core.graphics.drawable.IconCompat,androidx.versionedparcelable.VersionedParcel)
io.flutter.embedding.engine.FlutterJNI: io.flutter.plugin.platform.PlatformViewsController platformViewsController
io.flutter.plugin.editing.ImeSyncDeferringInsetsCallback: boolean animating
io.flutter.embedding.engine.FlutterJNI: void nativeNotifyLowMemoryWarning(long)
io.flutter.embedding.engine.FlutterJNI: void ensureAttachedToNative()
io.flutter.embedding.engine.FlutterOverlaySurface: android.view.Surface getSurface()
io.flutter.embedding.engine.systemchannels.SettingsChannel$PlatformBrightness: io.flutter.embedding.engine.systemchannels.SettingsChannel$PlatformBrightness valueOf(java.lang.String)
io.flutter.embedding.engine.FlutterJNI: void nativeUnregisterTexture(long,long)
io.flutter.embedding.engine.FlutterJNI: io.flutter.view.FlutterCallbackInformation nativeLookupCallbackInformation(long)
io.flutter.embedding.engine.FlutterJNI: boolean nativeFlutterTextUtilsIsEmojiModifierBase(int)
io.flutter.embedding.android.FlutterView$ZeroSides: io.flutter.embedding.android.FlutterView$ZeroSides valueOf(java.lang.String)
io.flutter.view.AccessibilityBridge$Flag: io.flutter.view.AccessibilityBridge$Flag valueOf(java.lang.String)
io.flutter.embedding.engine.FlutterJNI: void setSemanticsEnabled(boolean)
io.flutter.view.AccessibilityViewEmbedder: void setFlutterNodesTranslateBounds(android.view.accessibility.AccessibilityNodeInfo,android.graphics.Rect,android.view.accessibility.AccessibilityNodeInfo)
io.flutter.embedding.engine.FlutterJNI: void nativeRegisterTexture(long,long,io.flutter.embedding.engine.renderer.SurfaceTextureWrapper)
io.flutter.embedding.engine.FlutterJNI: void onSurfaceWindowChanged(android.view.Surface)
io.flutter.embedding.engine.FlutterJNI: void dispatchPlatformMessage(java.lang.String,java.nio.ByteBuffer,int,int)
io.flutter.embedding.engine.FlutterJNI: long performNativeAttach(io.flutter.embedding.engine.FlutterJNI,boolean)
io.flutter.plugin.editing.ImeSyncDeferringInsetsCallback: int access$100(io.flutter.plugin.editing.ImeSyncDeferringInsetsCallback)