build/app/outputs/mapping/release/usage.txt
com.example.slicing_course.R$integer
com.example.slicing_course.R$styleable
com.example.slicing_course.R$layout
com.example.slicing_course.R$style
com.example.slicing_course.R$string
com.example.slicing_course.R$dimen
com.example.slicing_course.BuildConfig
com.example.slicing_course.R
com.example.slicing_course.R$drawable
com.example.slicing_course.R$id
com.example.slicing_course.R$color
com.example.slicing_course.R$attr
com.example.slicing_course.R$mipmap
...
com.google.common.base.CharMatcher$Digit
androidx.core.text.util.LinkifyCompat$LinkSpec
kotlin.text.RegexKt
androidx.core.app.NotificationCompat$WearableExtender
com.google.common.math.PairedStatsAccumulator
kotlin.collections.ArraysKt___ArraysKt$asSequence$$inlined$Sequence$5
com.google.common.collect.RegularContiguousSet$2
kotlin.jvm.functions.Function19
androidx.annotation.BoolRes
com.google.common.graph.AbstractNetwork$1$1$1
androidx.lifecycle.AndroidViewModel
com.google.common.io.LineReader
com.google.common.collect.Sets$5$1
com.google.common.reflect.Types
com.google.common.graph.ImmutableGraph$Builder
com.google.common.base.Suppliers$MemoizingSupplier
kotlin.coroutines.experimental.CombinedContext
com.google.common.collect.StandardTable$ColumnMap
com.google.common.primitives.UnsignedBytes
androidx.loader.app.LoaderManagerImpl$LoaderViewModel
com.google.common.reflect.Types$JavaVersion$1
androidx.core.app.NotificationBuilderWithBuilderAccessor
com.google.common.cache.LocalCache$ValueReference
kotlin.collections.IndexingIterable
androidx.viewpager.widget.ViewPager$3
io.flutter.app.FlutterActivityDelegate$1
com.google.common.base.CharMatcher$IsEither
androidx.core.app.FrameMetricsAggregator$FrameMetricsBaseImpl
com.google.common.collect.CompactHashMap$1
com.google.common.collect.ForwardingNavigableSet
kotlin.coroutines.experimental.SequenceBuilderKt__SequenceBuilderKt
com.google.common.collect.TreeRangeSet$Complement
androidx.annotation.FontRes
com.google.common.primitives.UnsignedInts
com.google.common.collect.FilteredMultimap
com.google.common.collect.MapMakerInternalMap$WeakKeyStrongValueSegment
kotlin.random.Random
kotlin.UnsafeLazyImpl
com.google.common.collect.ImmutableSortedMap$SerializedForm
androidx.core.app.AppLaunchChecker
kotlin.comparisons.ReversedComparator
com.google.common.collect.ImmutableList$Itr
com.google.common.collect.ImmutableList$Builder
kotlin.UShort
com.google.common.util.concurrent.AbstractService$6
com.google.common.reflect.Types$ClassOwnership$3
androidx.loader.content.ModernAsyncTask$3
kotlin.jvm.functions.Function7
com.google.common.base.StandardSystemProperty
kotlin.coroutines.experimental.migration.ExperimentalContinuationInterceptorMigration
com.google.common.collect.ImmutableRangeSet$AsSet
com.google.common.collect.MutableClassToInstanceMap
com.google.common.io.BaseEncoding$StandardBaseEncoding$2
androidx.lifecycle.ClassesInfoCache$CallbackInfo:
    void <init>(java.util.Map)
    private static void invokeMethodsForEvent(java.util.List,androidx.lifecycle.LifecycleOwner,androidx.lifecycle.Lifecycle$Event,java.lang.Object)
    final java.util.Map mEventToHandlers
    final java.util.Map mHandlerToEvent
com.google.common.collect.DenseImmutableTable$1
com.google.common.reflect.ImmutableTypeToInstanceMap$Builder
com.google.common.collect.CompactLinkedHashMap
com.google.common.util.concurrent.ForwardingListenableFuture
androidx.core.text.util.LinkifyCompat$1
com.google.common.collect.MapMakerInternalMap$Strength
com.google.common.util.concurrent.SmoothRateLimiter$SmoothWarmingUp
com.google.common.base.CharMatcher$Negated
com.google.common.collect.MultimapBuilder$MultimapBuilderWithKeys$2
androidx.core.util.Pools
androidx.annotation.MenuRes
com.google.common.base.Splitter$2
com.google.common.base.Predicates$AndPredicate
com.google.common.util.concurrent.UncheckedExecutionException
com.google.common.collect.Cut$BelowValue
io.flutter.plugin.platform.PlatformViewRegistry:
    public abstract boolean registerViewFactory(java.lang.String,io.flutter.plugin.platform.PlatformViewFactory)
com.google.common.cache.CacheLoader$FunctionToCacheLoader
kotlin.UByteArrayKt
javax.annotation.concurrent.Immutable
com.google.common.reflect.AbstractInvocationHandler
kotlin.collections.MapsKt__MapWithDefaultKt
kotlin.text.StringsKt__StringsKt$rangesDelimitedBy$2
kotlin.ranges.CharProgression$Companion
kotlin.comparisons.ComparisonsKt__ComparisonsKt$compareBy$3